<?xml version="1.0" encoding="UTF-8"?>
<!-- Generated by org.testng.reporters.JUnitReportReporter -->
<testsuite hostname="DESKTOP-GNAT645" failures="0" tests="1" name="tutorialsninja.register.TC_RF_002" time="78.792" errors="0" timestamp="04 Aug 2025 15:19:56 GMT" skipped="0">
  <testcase classname="tutorialsninja.register.TC_RF_002" name="register" time="78.792"/>
</testsuite> <!-- tutorialsninja.register.TC_RF_002 -->
