<?xml version="1.0" encoding="UTF-8"?>
<!-- Generated by org.testng.reporters.JUnitReportReporter -->
<testsuite hostname="DESKTOP-GNAT645" failures="0" tests="1" name="tutorialsninja.register.TC_RF_001" time="29.573" errors="0" timestamp="24 Jul 2025 04:42:25 GMT" skipped="0">
  <testcase classname="tutorialsninja.register.TC_RF_001" name="register" time="29.573"/>
</testsuite> <!-- tutorialsninja.register.TC_RF_001 -->
