<?xml version="1.0" encoding="UTF-8"?>
<!-- Generated by org.testng.reporters.JUnitReportReporter -->
<testsuite hostname="DESKTOP-GNAT645" failures="0" tests="1" name="tutorialsninja.register.TC_RF_004" time="8.858" errors="0" timestamp="11 Aug 2025 11:55:29 GMT" skipped="0">
  <testcase classname="tutorialsninja.register.TC_RF_004" name="register" time="8.858"/>
</testsuite> <!-- tutorialsninja.register.TC_RF_004 -->
