<?xml version="1.0" encoding="UTF-8"?>
<!-- Generated by org.testng.reporters.JUnitReportReporter -->
<testsuite hostname="DESKTOP-GNAT645" failures="0" tests="1" name="tutorialsninja.register.TC_RF_005" time="28.229" errors="0" timestamp="13 Aug 2025 13:25:46 GMT" skipped="0">
  <testcase classname="tutorialsninja.register.TC_RF_005" name="register" time="28.229"/>
</testsuite> <!-- tutorialsninja.register.TC_RF_005 -->
