<?xml version="1.0" encoding="UTF-8"?>
<!-- Generated by org.testng.reporters.JUnitReportReporter -->
<testsuite hostname="DESKTOP-GNAT645" failures="0" tests="1" name="tutorialsninja.register.TC_RF_006" time="30.891" errors="0" timestamp="13 Aug 2025 13:27:45 GMT" skipped="0">
  <testcase classname="tutorialsninja.register.TC_RF_006" name="register" time="30.891"/>
</testsuite> <!-- tutorialsninja.register.TC_RF_006 -->
